<?xml version="1.0" encoding="UTF-8"?>
<testng-results ignored="0" total="1" passed="1" failed="0" skipped="0">
  <reporter-output>
  </reporter-output>
  <suite started-at="2020-04-11T11:05:44 WAT" name="Default suite" finished-at="2020-04-11T11:05:46 WAT" duration-ms="2008">
    <groups>
    </groups>
    <test started-at="2020-04-11T11:05:44 WAT" name="Default test" finished-at="2020-04-11T11:05:46 WAT" duration-ms="2008">
      <class name="com.qa.test.PostAPITest">
        <test-method is-config="true" signature="setUp()[pri:0, instance:com.qa.test.PostAPITest@63021689]" started-at="2020-04-11T11:05:44 WAT" name="setUp" finished-at="2020-04-11T11:05:44 WAT" duration-ms="10" status="PASS">
          <reporter-output>
          </reporter-output>
        </test-method> <!-- setUp -->
        <test-method signature="PostAPITest()[pri:0, instance:com.qa.test.PostAPITest@63021689]" started-at="2020-04-11T11:05:44 WAT" name="PostAPITest" finished-at="2020-04-11T11:05:46 WAT" duration-ms="1883" status="PASS">
          <reporter-output>
          </reporter-output>
        </test-method> <!-- PostAPITest -->
      </class> <!-- com.qa.test.PostAPITest -->
    </test> <!-- Default test -->
  </suite> <!-- Default suite -->
</testng-results>
